2023-09-11T07:21:31+00:00 CRITICAL Uncaught Error: Class 'libphonenumber\PhoneNumberUtil' not found in /var/www/html/nwp/wp-content/themes/customtheme/customizations.php:887
Stack trace:
#0 /var/www/html/nwp/wp-includes/class-wp-hook.php(310): e164_func()
#1 /var/www/html/nwp/wp-includes/class-wp-hook.php(334): WP_Hook->apply_filters()
#2 /var/www/html/nwp/wp-includes/plugin.php(517): WP_Hook->do_action()
#3 /var/www/html/nwp/wp-settings.php(632): do_action()
#4 /var/www/html/nwp/wp-config.php(91): require_once('/var/www/html/n...')
#5 /var/www/html/nwp/wp-load.php(50): require_once('/var/www/html/n...')
#6 /var/www/html/nwp/wp-blog-header.php(13): require_once('/var/www/html/n...')
#7 /var/www/html/nwp/index.php(17): require('/var/www/html/n...')
#8 {main}
  thrown in /var/www/html/nwp/wp-content/themes/customtheme/customizations.php on line 887

2023-09-11T07:21:41+00:00 CRITICAL Uncaught Error: Class 'libphonenumber\PhoneNumberUtil' not found in /var/www/html/nwp/wp-content/themes/customtheme/customizations.php:887
Stack trace:
#0 /var/www/html/nwp/wp-includes/class-wp-hook.php(310): e164_func()
#1 /var/www/html/nwp/wp-includes/class-wp-hook.php(334): WP_Hook->apply_filters()
#2 /var/www/html/nwp/wp-includes/plugin.php(517): WP_Hook->do_action()
#3 /var/www/html/nwp/wp-settings.php(632): do_action()
#4 /var/www/html/nwp/wp-config.php(91): require_once('/var/www/html/n...')
#5 /var/www/html/nwp/wp-load.php(50): require_once('/var/www/html/n...')
#6 /var/www/html/nwp/wp-blog-header.php(13): require_once('/var/www/html/n...')
#7 /var/www/html/nwp/index.php(17): require('/var/www/html/n...')
#8 {main}
  thrown in /var/www/html/nwp/wp-content/themes/customtheme/customizations.php on line 887

2023-09-11T07:24:07+00:00 CRITICAL Uncaught Error: Class 'libphonenumber\PhoneNumberUtil' not found in /var/www/html/nwp/wp-content/themes/customtheme/customizations.php:887
Stack trace:
#0 /var/www/html/nwp/wp-includes/class-wp-hook.php(310): e164_func()
#1 /var/www/html/nwp/wp-includes/class-wp-hook.php(334): WP_Hook->apply_filters()
#2 /var/www/html/nwp/wp-includes/plugin.php(517): WP_Hook->do_action()
#3 /var/www/html/nwp/wp-settings.php(632): do_action()
#4 /var/www/html/nwp/wp-config.php(91): require_once('/var/www/html/n...')
#5 /var/www/html/nwp/wp-load.php(50): require_once('/var/www/html/n...')
#6 /var/www/html/nwp/wp-admin/admin-ajax.php(22): require_once('/var/www/html/n...')
#7 {main}
  thrown in /var/www/html/nwp/wp-content/themes/customtheme/customizations.php on line 887

2023-09-11T07:25:29+00:00 CRITICAL require(): Failed opening required 'vendor/giggsey/autoload.php' (include_path='.:/usr/share/php') in /var/www/html/nwp/wp-content/themes/customtheme/customizations.php on line 884

2023-09-11T07:26:07+00:00 CRITICAL require(): Failed opening required 'vendor/giggsey/autoload.php' (include_path='.:/usr/share/php') in /var/www/html/nwp/wp-content/themes/customtheme/customizations.php on line 884

2023-09-11T07:26:15+00:00 CRITICAL require_once(): Failed opening required '/var/www/html/nwp/wp-content/themes/customtheme/vendor/giggsey/autoload.php' (include_path='.:/usr/share/php') in /var/www/html/nwp/wp-content/themes/customtheme/customizations.php on line 884

2023-09-11T07:28:07+00:00 CRITICAL require_once(): Failed opening required '/var/www/html/nwp/wp-content/themes/customtheme/vendor/giggsey/autoload.php' (include_path='.:/usr/share/php') in /var/www/html/nwp/wp-content/themes/customtheme/customizations.php on line 884

2023-09-11T07:30:07+00:00 CRITICAL require_once(): Failed opening required '/var/www/html/nwp/wp-content/themes/customtheme/vendor/giggsey/autoload.php' (include_path='.:/usr/share/php') in /var/www/html/nwp/wp-content/themes/customtheme/customizations.php on line 884

2023-09-11T07:58:08+00:00 CRITICAL require_once(): Failed opening required '/var/www/html/nwp/wp-content/themes/customtheme/vendor/giggsey/autoload.php' (include_path='.:/usr/share/php') in /var/www/html/nwp/wp-content/themes/customtheme/customizations.php on line 884

2023-09-11T07:58:35+00:00 CRITICAL Uncaught Error: Class 'libphonenumber\PhoneNumberUtil' not found in /var/www/html/nwp/wp-content/themes/customtheme/customizations.php:886
Stack trace:
#0 /var/www/html/nwp/wp-includes/class-wp-hook.php(310): e164_func()
#1 /var/www/html/nwp/wp-includes/class-wp-hook.php(334): WP_Hook->apply_filters()
#2 /var/www/html/nwp/wp-includes/plugin.php(517): WP_Hook->do_action()
#3 /var/www/html/nwp/wp-settings.php(632): do_action()
#4 /var/www/html/nwp/wp-config.php(91): require_once('/var/www/html/n...')
#5 /var/www/html/nwp/wp-load.php(50): require_once('/var/www/html/n...')
#6 /var/www/html/nwp/wp-blog-header.php(13): require_once('/var/www/html/n...')
#7 /var/www/html/nwp/index.php(17): require('/var/www/html/n...')
#8 {main}
  thrown in /var/www/html/nwp/wp-content/themes/customtheme/customizations.php on line 886

