2023-08-17T13:19:03+00:00 CRITICAL Uncaught Error: Call to undefined function wp_pagenavi() in /var/www/html/nwp/wp-content/themes/customtheme/template-Blog.php:75
Stack trace:
#0 /var/www/html/nwp/wp-includes/template-loader.php(106): include()
#1 /var/www/html/nwp/wp-blog-header.php(19): require_once('/var/www/html/n...')
#2 /var/www/html/nwp/index.php(17): require('/var/www/html/n...')
#3 {main}
  thrown in /var/www/html/nwp/wp-content/themes/customtheme/template-Blog.php on line 75

2023-08-17T13:21:00+00:00 CRITICAL Uncaught Error: Call to undefined function wp_pagenavi() in /var/www/html/nwp/wp-content/themes/customtheme/template-Blog.php:75
Stack trace:
#0 /var/www/html/nwp/wp-includes/template-loader.php(106): include()
#1 /var/www/html/nwp/wp-blog-header.php(19): require_once('/var/www/html/n...')
#2 /var/www/html/nwp/index.php(17): require('/var/www/html/n...')
#3 {main}
  thrown in /var/www/html/nwp/wp-content/themes/customtheme/template-Blog.php on line 75

2023-08-17T13:21:55+00:00 CRITICAL Uncaught Error: Call to undefined function wp_pagenavi() in /var/www/html/nwp/wp-content/themes/customtheme/template-Blog.php:75
Stack trace:
#0 /var/www/html/nwp/wp-includes/template-loader.php(106): include()
#1 /var/www/html/nwp/wp-blog-header.php(19): require_once('/var/www/html/n...')
#2 /var/www/html/nwp/index.php(17): require('/var/www/html/n...')
#3 {main}
  thrown in /var/www/html/nwp/wp-content/themes/customtheme/template-Blog.php on line 75

2023-08-17T13:22:05+00:00 CRITICAL Uncaught Error: Call to undefined function wp_pagenavi() in /var/www/html/nwp/wp-content/themes/customtheme/template-Blog.php:75
Stack trace:
#0 /var/www/html/nwp/wp-includes/template-loader.php(106): include()
#1 /var/www/html/nwp/wp-blog-header.php(19): require_once('/var/www/html/n...')
#2 /var/www/html/nwp/index.php(17): require('/var/www/html/n...')
#3 {main}
  thrown in /var/www/html/nwp/wp-content/themes/customtheme/template-Blog.php on line 75

2023-08-17T13:22:19+00:00 CRITICAL Uncaught Error: Call to undefined function wp_pagenavi() in /var/www/html/nwp/wp-content/themes/customtheme/template-Blog.php:75
Stack trace:
#0 /var/www/html/nwp/wp-includes/template-loader.php(106): include()
#1 /var/www/html/nwp/wp-blog-header.php(19): require_once('/var/www/html/n...')
#2 /var/www/html/nwp/index.php(17): require('/var/www/html/n...')
#3 {main}
  thrown in /var/www/html/nwp/wp-content/themes/customtheme/template-Blog.php on line 75

2023-08-17T13:23:42+00:00 CRITICAL Uncaught Error: Call to undefined function wp_pagenavi() in /var/www/html/nwp/wp-content/themes/customtheme/template-Blog.php:75
Stack trace:
#0 /var/www/html/nwp/wp-includes/template-loader.php(106): include()
#1 /var/www/html/nwp/wp-blog-header.php(19): require_once('/var/www/html/n...')
#2 /var/www/html/nwp/index.php(17): require('/var/www/html/n...')
#3 {main}
  thrown in /var/www/html/nwp/wp-content/themes/customtheme/template-Blog.php on line 75

